0 info it worked if it ends with ok
1 verbose cli [ 'C:\\Program Files (x86)\\Nodist\\v-x64\\9.3.0\\node.exe',
1 verbose cli   'C:\\Program Files (x86)\\Nodist\\npmv\\4.0.5\\bin\\npm-cli.js',
1 verbose cli   'start' ]
2 info using npm@4.0.5
3 info using node@v9.3.0
4 verbose run-script [ 'prestart', 'start', 'poststart' ]
5 info lifecycle hackson@0.0.0~prestart: hackson@0.0.0
6 silly lifecycle hackson@0.0.0~prestart: no script for prestart, continuing
7 info lifecycle hackson@0.0.0~start: hackson@0.0.0
8 verbose lifecycle hackson@0.0.0~start: unsafe-perm in lifecycle true
9 verbose lifecycle hackson@0.0.0~start: PATH: C:\Program Files (x86)\Nodist\npmv\4.0.5\bin\node-gyp-bin;C:\Users\Akinori\Documents\hackson2019-master\hackson\node_modules\.bin;C:\Program Files (x86)\Nodist\v-x64\9.3.0;C:\ProgramData\Oracle\Java\javapath;C:\Program Files (x86)\Intel\iCLS Client\;C:\Program Files\Intel\iCLS Client\;C:\WINDOWS\system32;C:\WINDOWS;C:\WINDOWS\System32\Wbem;C:\WINDOWS\System32\WindowsPowerShell\v1.0\;C:\Program Files (x86)\Toshiba\Bluetooth Toshiba Stack\sys\;C:\Program Files (x86)\Toshiba\Bluetooth Toshiba Stack\sys\x64\;C:\Program Files\Intel\Intel(R) Management Engine Components\DAL;C:\Program Files\Intel\Intel(R) Management Engine Components\IPT;C:\Program Files (x86)\Intel\Intel(R) Management Engine Components\DAL;C:\Program Files (x86)\Intel\Intel(R) Management Engine Components\IPT;C:\Program Files (x86)\Intel\OpenCL SDK\2.0\bin\x86;C:\Program Files (x86)\Intel\OpenCL SDK\2.0\bin\x64;C:\Program Files\Intel\WiFi\bin\;C:\Program Files\Common Files\Intel\WirelessCommon\;C:\Program Files\Git\cmd;C:\Ruby25-x64\bin;c:\Program Files (x86)\Microsoft SQL Server\100\Tools\Binn\;c:\Program Files (x86)\Microsoft SQL Server\100\DTS\Binn\;C:\HashiCorp\Vagrant\bin;C:\Program Files (x86)\Nodist\bin;C:\Program Files\TortoiseGit\bin;C:\WINDOWS\System32\OpenSSH\;C:\Program Files\TortoiseHg\;C:\Program Files\dotnet\;C:\Program Files\CMake\bin;C:\Program Files (x86)\STMicroelectronics\STM32 ST-LINK Utility\ST-LINK Utility;C:\Program Files (x86)\Common Files\Sony Shared\FeliCaLibrary;C:\Program Files\Common Files\Sony Shared\FeliCaLibrary;C:\Program Files (x86)\Common Files\Sony Shared\FeliCaNFCLibrary;C:\Program Files\Common Files\Sony Shared\FeliCaNFCLibrary;C:\Program Files\Microsoft VS Code\bin;C:\Program Files (x86)\GNU Tools ARM Embedded\4.9 2015q3\bin;C:\Ruby25-x64\bin;C:\Program Files\Intel\WiFi\bin\;C:\Program Files\Common Files\Intel\WirelessCommon\;C:\Users\Akinori\AppData\Local\Microsoft\WindowsApps;C:\Program Files\Microsoft VS Code\bin;C:\Users\Akinori\AppData\Local\Programs\Python\Python36-32;C:\opencv\build\x64\vc15\bin;C:\Python27;C:\Python27\Scripts;C:\Program Files (x86)\Renesas Electronics\CS+\CC\CC-RX\V2.07.00\bin;C:\Program Files\apache-ant-1.10.5\bin;C:\Users\Akinori\AppData\Local\Android\Sdk\platform-tools;C:\ngrok;
10 verbose lifecycle hackson@0.0.0~start: CWD: C:\Users\Akinori\Documents\hackson2019-master\hackson
11 silly lifecycle hackson@0.0.0~start: Args: [ '/d /s /c', 'node ./bin/www' ]
12 silly lifecycle hackson@0.0.0~start: Returned: code: 1  signal: null
13 info lifecycle hackson@0.0.0~start: Failed to exec start script
14 verbose stack Error: hackson@0.0.0 start: `node ./bin/www`
14 verbose stack Exit status 1
14 verbose stack     at EventEmitter.<anonymous> (C:\Program Files (x86)\Nodist\npmv\4.0.5\lib\utils\lifecycle.js:279:16)
14 verbose stack     at EventEmitter.emit (events.js:159:13)
14 verbose stack     at ChildProcess.<anonymous> (C:\Program Files (x86)\Nodist\npmv\4.0.5\lib\utils\spawn.js:40:14)
14 verbose stack     at ChildProcess.emit (events.js:159:13)
14 verbose stack     at maybeClose (internal/child_process.js:943:16)
14 verbose stack     at Process.ChildProcess._handle.onexit (internal/child_process.js:220:5)
15 verbose pkgid hackson@0.0.0
16 verbose cwd C:\Users\Akinori\Documents\hackson2019-master\hackson
17 error Windows_NT 10.0.17134
18 error argv "C:\\Program Files (x86)\\Nodist\\v-x64\\9.3.0\\node.exe" "C:\\Program Files (x86)\\Nodist\\npmv\\4.0.5\\bin\\npm-cli.js" "start"
19 error node v9.3.0
20 error npm  v4.0.5
21 error code ELIFECYCLE
22 error hackson@0.0.0 start: `node ./bin/www`
22 error Exit status 1
23 error Failed at the hackson@0.0.0 start script 'node ./bin/www'.
23 error Make sure you have the latest version of node.js and npm installed.
23 error If you do, this is most likely a problem with the hackson package,
23 error not with npm itself.
23 error Tell the author that this fails on your system:
23 error     node ./bin/www
23 error You can get information on how to open an issue for this project with:
23 error     npm bugs hackson
23 error Or if that isn't available, you can get their info via:
23 error     npm owner ls hackson
23 error There is likely additional logging output above.
24 verbose exit [ 1, true ]
